<?xml version="1.0" encoding="UTF-8"?>
<!-- Generated by org.testng.reporters.JUnitReportReporter -->
<testsuite skipped="0" hostname="home-PC" name="com.logicinvoice.testscripts.testAddCustomer" tests="1" failures="0" timestamp="04 Apr 2018 11:07:43 GMT" time="76.619" errors="0">
  <testcase name="addCustomers" time="76.619" classname="com.logicinvoice.testscripts.testAddCustomer"/>
</testsuite> <!-- com.logicinvoice.testscripts.testAddCustomer -->
