<?xml version="1.0" encoding="UTF-8"?>
<!-- Generated by org.testng.reporters.JUnitReportReporter -->
<testsuite skipped="0" hostname="home-PC" name="com.logicinvoice.testscripts.testInvoices" tests="1" failures="0" timestamp="04 Apr 2018 15:10:30 GMT" time="56.305" errors="0">
  <testcase name="addInvoices" time="56.305" classname="com.logicinvoice.testscripts.testInvoices"/>
</testsuite> <!-- com.logicinvoice.testscripts.testInvoices -->
