<?xml version="1.0" encoding="UTF-8"?>
<!-- Generated by org.testng.reporters.JUnitReportReporter -->
<testsuite skipped="0" hostname="home-PC" name="com.logicinvoice.testscripts.testLogin" tests="1" failures="0" timestamp="04 Apr 2018 11:07:43 GMT" time="40.757" errors="0">
  <testcase name="validLogin" time="40.757" classname="com.logicinvoice.testscripts.testLogin"/>
</testsuite> <!-- com.logicinvoice.testscripts.testLogin -->
